2025-06-10 18:21:48 - watchfiles.main - DEBUG - 1 change detected: {(<Change.modified: 2>, '/Users/deepak/Downloads/FitnessBooker/app.log')}
2025-06-10 18:23:00 - watchfiles.main - DEBUG - 3 changes detected: {(<Change.added: 1>, '/Users/deepak/Downloads/FitnessBooker/.git/objects/maintenance.lock'), (<Change.modified: 2>, '/Users/deepak/Downloads/FitnessBooker/.git/FETCH_HEAD'), (<Change.deleted: 3>, '/Users/deepak/Downloads/FitnessBooker/.git/objects/maintenance.lock')}
2025-06-10 18:24:01 - watchfiles.main - DEBUG - 1 change detected: {(<Change.modified: 2>, '/Users/deepak/Downloads/FitnessBooker/src/port/booking_port.py')}
2025-06-10 18:24:02 - src.api - INFO - Shutting down application...
2025-06-10 18:24:02 - watchfiles.main - DEBUG - 1 change detected: {(<Change.modified: 2>, '/Users/deepak/Downloads/FitnessBooker/app.log')}
2025-06-10 18:24:02 - root - INFO - Logging configuration setup completed
2025-06-10 18:24:02 - root - INFO - Logging configuration setup completed
2025-06-10 18:24:02 - src.api - INFO - Initializing database...
2025-06-10 18:24:02 - src.config.database - INFO - Database initialized successfully
2025-06-10 18:24:02 - src.api - INFO - Database initialized successfully
2025-06-10 18:24:02 - watchfiles.main - DEBUG - 4 changes detected: {(<Change.added: 1>, '/Users/deepak/Downloads/FitnessBooker/src/port/__pycache__/booking_port.cpython-312.pyc'), (<Change.modified: 2>, '/Users/deepak/Downloads/FitnessBooker/app.log'), (<Change.deleted: 3>, '/Users/deepak/Downloads/FitnessBooker/src/port/__pycache__/booking_port.cpython-312.pyc.4389984944'), (<Change.added: 1>, '/Users/deepak/Downloads/FitnessBooker/src/port/__pycache__/booking_port.cpython-312.pyc.4389984944')}
2025-06-10 18:24:07 - watchfiles.main - DEBUG - 1 change detected: {(<Change.modified: 2>, '/Users/deepak/Downloads/FitnessBooker/src/port/booking_port.py')}
2025-06-10 18:24:07 - src.api - INFO - Shutting down application...
2025-06-10 18:24:08 - root - INFO - Logging configuration setup completed
2025-06-10 18:24:08 - root - INFO - Logging configuration setup completed
2025-06-10 18:24:08 - src.api - INFO - Initializing database...
2025-06-10 18:24:08 - src.config.database - INFO - Database initialized successfully
2025-06-10 18:24:08 - src.api - INFO - Database initialized successfully
2025-06-10 18:24:08 - watchfiles.main - DEBUG - 4 changes detected: {(<Change.added: 1>, '/Users/deepak/Downloads/FitnessBooker/src/port/__pycache__/booking_port.cpython-312.pyc'), (<Change.modified: 2>, '/Users/deepak/Downloads/FitnessBooker/app.log'), (<Change.deleted: 3>, '/Users/deepak/Downloads/FitnessBooker/src/port/__pycache__/booking_port.cpython-312.pyc.4348762800'), (<Change.added: 1>, '/Users/deepak/Downloads/FitnessBooker/src/port/__pycache__/booking_port.cpython-312.pyc.4348762800')}
2025-06-10 18:26:00 - watchfiles.main - DEBUG - 3 changes detected: {(<Change.added: 1>, '/Users/deepak/Downloads/FitnessBooker/.git/objects/maintenance.lock'), (<Change.modified: 2>, '/Users/deepak/Downloads/FitnessBooker/.git/FETCH_HEAD'), (<Change.deleted: 3>, '/Users/deepak/Downloads/FitnessBooker/.git/objects/maintenance.lock')}
2025-06-10 18:26:20 - watchfiles.main - DEBUG - 1 change detected: {(<Change.modified: 2>, '/Users/deepak/Downloads/FitnessBooker/src/domain/models.py')}
2025-06-10 18:26:21 - src.api - INFO - Shutting down application...
2025-06-10 18:26:21 - watchfiles.main - DEBUG - 2 changes detected: {(<Change.modified: 2>, '/Users/deepak/Downloads/FitnessBooker/src/domain/models.py'), (<Change.modified: 2>, '/Users/deepak/Downloads/FitnessBooker/app.log')}
2025-06-10 18:26:21 - root - INFO - Logging configuration setup completed
2025-06-10 18:26:21 - root - INFO - Logging configuration setup completed
2025-06-10 18:26:21 - src.api - INFO - Initializing database...
2025-06-10 18:26:21 - src.config.database - INFO - Database initialized successfully
2025-06-10 18:26:21 - src.api - INFO - Database initialized successfully
2025-06-10 18:26:21 - watchfiles.main - DEBUG - 4 changes detected: {(<Change.added: 1>, '/Users/deepak/Downloads/FitnessBooker/src/domain/__pycache__/models.cpython-312.pyc'), (<Change.modified: 2>, '/Users/deepak/Downloads/FitnessBooker/app.log'), (<Change.deleted: 3>, '/Users/deepak/Downloads/FitnessBooker/src/domain/__pycache__/models.cpython-312.pyc.4400718512'), (<Change.added: 1>, '/Users/deepak/Downloads/FitnessBooker/src/domain/__pycache__/models.cpython-312.pyc.4400718512')}
2025-06-10 18:26:48 - watchfiles.main - DEBUG - 1 change detected: {(<Change.modified: 2>, '/Users/deepak/Downloads/FitnessBooker/src/domain/models.py')}
2025-06-10 18:26:48 - src.api - INFO - Shutting down application...
2025-06-10 18:26:49 - root - INFO - Logging configuration setup completed
2025-06-10 18:26:49 - root - INFO - Logging configuration setup completed
2025-06-10 18:26:49 - src.api - INFO - Initializing database...
2025-06-10 18:26:49 - src.config.database - INFO - Database initialized successfully
2025-06-10 18:26:49 - src.api - INFO - Database initialized successfully
2025-06-10 18:26:49 - watchfiles.main - DEBUG - 4 changes detected: {(<Change.added: 1>, '/Users/deepak/Downloads/FitnessBooker/src/domain/__pycache__/models.cpython-312.pyc'), (<Change.added: 1>, '/Users/deepak/Downloads/FitnessBooker/src/domain/__pycache__/models.cpython-312.pyc.4349272752'), (<Change.modified: 2>, '/Users/deepak/Downloads/FitnessBooker/app.log'), (<Change.deleted: 3>, '/Users/deepak/Downloads/FitnessBooker/src/domain/__pycache__/models.cpython-312.pyc.4349272752')}
2025-06-10 18:27:04 - watchfiles.main - DEBUG - 1 change detected: {(<Change.modified: 2>, '/Users/deepak/Downloads/FitnessBooker/src/port/booking_port.py')}
2025-06-10 18:27:04 - src.api - INFO - Shutting down application...
2025-06-10 18:27:04 - root - INFO - Logging configuration setup completed
2025-06-10 18:27:04 - root - INFO - Logging configuration setup completed
2025-06-10 18:27:04 - watchfiles.main - DEBUG - 2 changes detected: {(<Change.modified: 2>, '/Users/deepak/Downloads/FitnessBooker/src/port/booking_port.py'), (<Change.modified: 2>, '/Users/deepak/Downloads/FitnessBooker/app.log')}
2025-06-10 18:27:04 - root - INFO - Logging configuration setup completed
2025-06-10 18:27:04 - root - INFO - Logging configuration setup completed
2025-06-10 18:27:05 - src.api - INFO - Initializing database...
2025-06-10 18:27:05 - src.config.database - INFO - Database initialized successfully
2025-06-10 18:27:05 - src.api - INFO - Database initialized successfully
2025-06-10 18:27:05 - watchfiles.main - DEBUG - 4 changes detected: {(<Change.added: 1>, '/Users/deepak/Downloads/FitnessBooker/src/port/__pycache__/booking_port.cpython-312.pyc'), (<Change.deleted: 3>, '/Users/deepak/Downloads/FitnessBooker/src/port/__pycache__/booking_port.cpython-312.pyc.4345946672'), (<Change.added: 1>, '/Users/deepak/Downloads/FitnessBooker/src/port/__pycache__/booking_port.cpython-312.pyc.4345946672'), (<Change.modified: 2>, '/Users/deepak/Downloads/FitnessBooker/app.log')}
2025-06-10 18:27:09 - watchfiles.main - DEBUG - 1 change detected: {(<Change.modified: 2>, '/Users/deepak/Downloads/FitnessBooker/src/port/booking_port.py')}
2025-06-10 18:27:09 - src.api - INFO - Shutting down application...
2025-06-10 18:27:09 - root - INFO - Logging configuration setup completed
2025-06-10 18:27:09 - root - INFO - Logging configuration setup completed
2025-06-10 18:27:09 - src.api - INFO - Initializing database...
2025-06-10 18:27:09 - src.config.database - INFO - Database initialized successfully
2025-06-10 18:27:09 - src.api - INFO - Database initialized successfully
2025-06-10 18:27:09 - watchfiles.main - DEBUG - 4 changes detected: {(<Change.added: 1>, '/Users/deepak/Downloads/FitnessBooker/src/port/__pycache__/booking_port.cpython-312.pyc'), (<Change.modified: 2>, '/Users/deepak/Downloads/FitnessBooker/app.log'), (<Change.deleted: 3>, '/Users/deepak/Downloads/FitnessBooker/src/port/__pycache__/booking_port.cpython-312.pyc.4350583344'), (<Change.added: 1>, '/Users/deepak/Downloads/FitnessBooker/src/port/__pycache__/booking_port.cpython-312.pyc.4350583344')}
2025-06-10 18:27:22 - src.service.booking_service - INFO - Attempting to cancel booking 4 for john.doe@example.com
2025-06-10 18:27:22 - src.service.booking_service - DEBUG - Booking ID: 4, Client Email: john.doe@example.com
2025-06-10 18:27:22 - src.service.booking_service - WARNING - Booking 4 not found or not owned by john.doe@example.com
2025-06-10 18:27:22 - src.port.booking_port - WARNING - Failed to cancel booking 4: Booking not found or not owned by this email
2025-06-10 18:27:31 - src.port.booking_port - INFO - Getting bookings for email: john@example.com, timezone: Asia/Kolkata
2025-06-10 18:27:32 - src.service.booking_service - INFO - Retrieving bookings for john@example.com in timezone: Asia/Kolkata
2025-06-10 18:27:32 - src.domain.repository - INFO - Retrieved 1 bookings for john@example.com
2025-06-10 18:27:32 - src.service.booking_service - INFO - Successfully retrieved 1 bookings for john@example.com
2025-06-10 18:27:32 - src.port.booking_port - INFO - Returning 1 bookings for john@example.com
2025-06-10 18:27:49 - src.service.booking_service - INFO - Attempting to cancel booking 4 for john@example.com
2025-06-10 18:27:49 - src.service.booking_service - DEBUG - Booking ID: 4, Client Email: john@example.com
2025-06-10 18:27:49 - src.service.booking_service - INFO - Successfully cancelled booking 4
2025-06-10 18:27:49 - src.port.booking_port - INFO - Booking 4 cancelled successfully
2025-06-10 18:27:50 - watchfiles.main - DEBUG - 3 changes detected: {(<Change.added: 1>, '/Users/deepak/Downloads/FitnessBooker/db.sqlite-journal'), (<Change.deleted: 3>, '/Users/deepak/Downloads/FitnessBooker/db.sqlite-journal'), (<Change.modified: 2>, '/Users/deepak/Downloads/FitnessBooker/db.sqlite')}
2025-06-10 18:28:02 - src.port.booking_port - INFO - Getting bookings for email: john@example.com, timezone: Asia/Kolkata
2025-06-10 18:28:02 - src.service.booking_service - INFO - Retrieving bookings for john@example.com in timezone: Asia/Kolkata
2025-06-10 18:28:02 - src.domain.repository - INFO - Retrieved 1 bookings for john@example.com
2025-06-10 18:28:02 - src.service.booking_service - INFO - Successfully retrieved 1 bookings for john@example.com
2025-06-10 18:28:02 - src.port.booking_port - INFO - Returning 1 bookings for john@example.com
2025-06-10 18:28:58 - src.port.booking_port - INFO - Getting bookings for email: john@example.com, timezone: Asia/Kolkata
2025-06-10 18:28:58 - src.service.booking_service - INFO - Retrieving bookings for john@example.com in timezone: Asia/Kolkata
2025-06-10 18:28:58 - src.domain.repository - INFO - Retrieved 1 bookings for john@example.com
2025-06-10 18:28:58 - src.service.booking_service - INFO - Successfully retrieved 1 bookings for john@example.com
2025-06-10 18:28:58 - src.port.booking_port - INFO - Returning 1 bookings for john@example.com
2025-06-10 18:29:02 - src.service.booking_service - INFO - Attempting to cancel booking 4 for john@example.com
2025-06-10 18:29:02 - src.service.booking_service - DEBUG - Booking ID: 4, Client Email: john@example.com
2025-06-10 18:29:02 - src.service.booking_service - WARNING - Booking 4 not found or not owned by john@example.com
2025-06-10 18:29:02 - src.port.booking_port - WARNING - Failed to cancel booking 4: Booking not found or not owned by this email
2025-06-10 18:29:10 - src.port.booking_port - INFO - Getting bookings for email: john@example.com, timezone: Asia/Kolkata
2025-06-10 18:29:10 - src.service.booking_service - INFO - Retrieving bookings for john@example.com in timezone: Asia/Kolkata
2025-06-10 18:29:10 - src.domain.repository - INFO - Retrieved 1 bookings for john@example.com
2025-06-10 18:29:10 - src.service.booking_service - INFO - Successfully retrieved 1 bookings for john@example.com
2025-06-10 18:29:10 - src.port.booking_port - INFO - Returning 1 bookings for john@example.com
2025-06-10 18:29:25 - watchfiles.main - DEBUG - 3 changes detected: {(<Change.added: 1>, '/Users/deepak/Downloads/FitnessBooker/.git/objects/maintenance.lock'), (<Change.modified: 2>, '/Users/deepak/Downloads/FitnessBooker/.git/FETCH_HEAD'), (<Change.deleted: 3>, '/Users/deepak/Downloads/FitnessBooker/.git/objects/maintenance.lock')}
2025-06-10 18:30:04 - src.port.booking_port - INFO - Getting bookings for email: john@example.com, timezone: Asia/Kolkata
2025-06-10 18:30:04 - src.service.booking_service - INFO - Retrieving bookings for john@example.com in timezone: Asia/Kolkata
2025-06-10 18:30:04 - src.domain.repository - INFO - Retrieved 1 bookings for john@example.com
2025-06-10 18:30:04 - src.service.booking_service - INFO - Successfully retrieved 1 bookings for john@example.com
2025-06-10 18:30:04 - src.port.booking_port - INFO - Returning 1 bookings for john@example.com
2025-06-10 18:30:17 - src.port.booking_port - INFO - Getting bookings for email: deepak@rezonanz.io, timezone: Asia/Kolkata
2025-06-10 18:30:17 - src.service.booking_service - INFO - Retrieving bookings for deepak@rezonanz.io in timezone: Asia/Kolkata
2025-06-10 18:30:17 - src.domain.repository - INFO - Retrieved 2 bookings for deepak@rezonanz.io
2025-06-10 18:30:17 - src.service.booking_service - INFO - Successfully retrieved 2 bookings for deepak@rezonanz.io
2025-06-10 18:30:17 - src.port.booking_port - INFO - Returning 2 bookings for deepak@rezonanz.io
2025-06-10 18:30:40 - src.service.booking_service - INFO - Attempting to cancel booking 2 for deepak@rezonanz.io
2025-06-10 18:30:40 - src.service.booking_service - DEBUG - Booking ID: 2, Client Email: deepak@rezonanz.io
2025-06-10 18:30:40 - src.service.booking_service - INFO - Successfully cancelled booking 2
2025-06-10 18:30:40 - src.port.booking_port - INFO - Booking 2 cancelled successfully
2025-06-10 18:30:41 - watchfiles.main - DEBUG - 3 changes detected: {(<Change.added: 1>, '/Users/deepak/Downloads/FitnessBooker/db.sqlite-journal'), (<Change.deleted: 3>, '/Users/deepak/Downloads/FitnessBooker/db.sqlite-journal'), (<Change.modified: 2>, '/Users/deepak/Downloads/FitnessBooker/db.sqlite')}
2025-06-10 18:32:25 - watchfiles.main - DEBUG - 3 changes detected: {(<Change.added: 1>, '/Users/deepak/Downloads/FitnessBooker/.git/objects/maintenance.lock'), (<Change.modified: 2>, '/Users/deepak/Downloads/FitnessBooker/.git/FETCH_HEAD'), (<Change.deleted: 3>, '/Users/deepak/Downloads/FitnessBooker/.git/objects/maintenance.lock')}
2025-06-10 18:34:20 - watchfiles.main - DEBUG - 1 change detected: {(<Change.modified: 2>, '/Users/deepak/Downloads/FitnessBooker/src/port/booking_port.py')}
2025-06-10 18:34:20 - src.api - INFO - Shutting down application...
2025-06-10 18:34:21 - watchfiles.main - DEBUG - 2 changes detected: {(<Change.modified: 2>, '/Users/deepak/Downloads/FitnessBooker/src/port/booking_port.py'), (<Change.modified: 2>, '/Users/deepak/Downloads/FitnessBooker/app.log')}
2025-06-10 18:34:21 - watchfiles.main - DEBUG - 1 change detected: {(<Change.modified: 2>, '/Users/deepak/Downloads/FitnessBooker/src/port/booking_port.py')}
2025-06-10 18:34:21 - watchfiles.main - DEBUG - 1 change detected: {(<Change.modified: 2>, '/Users/deepak/Downloads/FitnessBooker/src/port/booking_port.py')}
2025-06-10 18:34:24 - watchfiles.main - DEBUG - 1 change detected: {(<Change.modified: 2>, '/Users/deepak/Downloads/FitnessBooker/src/port/booking_port.py')}
2025-06-10 18:34:26 - watchfiles.main - DEBUG - 1 change detected: {(<Change.modified: 2>, '/Users/deepak/Downloads/FitnessBooker/src/port/booking_port.py')}
2025-06-10 18:34:26 - root - INFO - Logging configuration setup completed
2025-06-10 18:34:26 - root - INFO - Logging configuration setup completed
2025-06-10 18:34:26 - src.api - INFO - Initializing database...
2025-06-10 18:34:26 - src.config.database - INFO - Database initialized successfully
2025-06-10 18:34:26 - src.api - INFO - Database initialized successfully
2025-06-10 18:34:26 - watchfiles.main - DEBUG - 4 changes detected: {(<Change.added: 1>, '/Users/deepak/Downloads/FitnessBooker/src/port/__pycache__/booking_port.cpython-312.pyc'), (<Change.modified: 2>, '/Users/deepak/Downloads/FitnessBooker/app.log'), (<Change.added: 1>, '/Users/deepak/Downloads/FitnessBooker/src/port/__pycache__/booking_port.cpython-312.pyc.4409319984'), (<Change.deleted: 3>, '/Users/deepak/Downloads/FitnessBooker/src/port/__pycache__/booking_port.cpython-312.pyc.4409319984')}
2025-06-10 18:34:35 - src.service.booking_service - INFO - Attempting to cancel booking 3 for deepak@rezonanz.io
2025-06-10 18:34:35 - src.service.booking_service - DEBUG - Booking ID: 3, Client Email: deepak@rezonanz.io
2025-06-10 18:34:35 - src.service.booking_service - INFO - Successfully cancelled booking 3
2025-06-10 18:34:35 - src.port.booking_port - INFO - Booking 3 cancelled successfully
2025-06-10 18:34:35 - watchfiles.main - DEBUG - 3 changes detected: {(<Change.added: 1>, '/Users/deepak/Downloads/FitnessBooker/db.sqlite-journal'), (<Change.deleted: 3>, '/Users/deepak/Downloads/FitnessBooker/db.sqlite-journal'), (<Change.modified: 2>, '/Users/deepak/Downloads/FitnessBooker/db.sqlite')}
2025-06-10 18:34:42 - src.service.booking_service - INFO - Attempting to cancel booking 3 for deepak@rezonanz.io
2025-06-10 18:34:42 - src.service.booking_service - DEBUG - Booking ID: 3, Client Email: deepak@rezonanz.io
2025-06-10 18:34:42 - src.service.booking_service - WARNING - Booking 3 not found or not owned by deepak@rezonanz.io
2025-06-10 18:34:42 - src.port.booking_port - WARNING - Failed to cancel booking 3: Booking not found or not owned by this email
2025-06-10 18:39:51 - root - INFO - Logging configuration setup completed
2025-06-10 18:39:51 - root - INFO - Logging configuration setup completed
2025-06-10 18:39:51 - __main__ - INFO - Starting Fitness Studio Booking API server...
2025-06-10 18:39:52 - root - INFO - Logging configuration setup completed
2025-06-10 18:39:52 - root - INFO - Logging configuration setup completed
2025-06-10 18:39:52 - src.api - INFO - Initializing database...
2025-06-10 18:39:52 - src.config.database - INFO - Database initialized successfully
2025-06-10 18:39:52 - src.api - INFO - Database initialized successfully
2025-06-10 18:39:54 - src.api - INFO - Shutting down application...
2025-06-10 18:45:55 - root - INFO - Logging configuration setup completed
2025-06-10 18:45:55 - root - INFO - Logging configuration setup completed
2025-06-10 18:45:55 - __main__ - INFO - Starting Fitness Studio Booking API server...
2025-06-10 18:45:55 - root - INFO - Logging configuration setup completed
2025-06-10 18:45:55 - root - INFO - Logging configuration setup completed
2025-06-10 18:45:55 - src.api - INFO - Initializing database...
2025-06-10 18:45:55 - src.config.database - INFO - Database initialized successfully
2025-06-10 18:45:55 - src.api - INFO - Database initialized successfully
2025-06-10 18:46:01 - watchfiles.main - DEBUG - 1 change detected: {(<Change.modified: 2>, '/Users/deepak/Downloads/FitnessBooker/test/test_booking.py')}
2025-06-10 18:46:01 - src.api - INFO - Shutting down application...
2025-06-10 18:46:02 - root - INFO - Logging configuration setup completed
2025-06-10 18:46:02 - root - INFO - Logging configuration setup completed
2025-06-10 18:46:02 - src.api - INFO - Initializing database...
2025-06-10 18:46:02 - src.config.database - INFO - Database initialized successfully
2025-06-10 18:46:02 - src.api - INFO - Database initialized successfully
2025-06-10 18:46:02 - watchfiles.main - DEBUG - 2 changes detected: {(<Change.modified: 2>, '/Users/deepak/Downloads/FitnessBooker/test/test_booking.py'), (<Change.modified: 2>, '/Users/deepak/Downloads/FitnessBooker/app.log')}
2025-06-10 18:46:02 - src.api - INFO - Shutting down application...
2025-06-10 18:46:02 - root - INFO - Logging configuration setup completed
2025-06-10 18:46:02 - root - INFO - Logging configuration setup completed
2025-06-10 18:46:02 - src.api - INFO - Initializing database...
2025-06-10 18:46:02 - src.config.database - INFO - Database initialized successfully
2025-06-10 18:46:02 - src.api - INFO - Database initialized successfully
2025-06-10 18:46:02 - watchfiles.main - DEBUG - 1 change detected: {(<Change.modified: 2>, '/Users/deepak/Downloads/FitnessBooker/app.log')}
2025-06-10 18:46:03 - src.api - INFO - Shutting down application...
2025-06-10 18:49:53 - root - INFO - Logging configuration setup completed
2025-06-10 18:49:53 - asyncio - DEBUG - Using selector: KqueueSelector
2025-06-10 18:49:53 - src.port.booking_port - INFO - Getting classes for timezone: Asia/Kolkata
2025-06-10 18:49:53 - src.service.booking_service - INFO - Retrieving upcoming classes for timezone: Asia/Kolkata
2025-06-10 18:49:53 - src.domain.repository - INFO - Retrieved 9 upcoming classes
2025-06-10 18:49:53 - src.service.booking_service - INFO - Successfully converted 9 classes
2025-06-10 18:49:53 - src.port.booking_port - INFO - Returning 9 classes
2025-06-10 18:49:53 - httpx - INFO - HTTP Request: GET http://testserver/api/v1/classes "HTTP/1.1 200 OK"
2025-06-10 18:49:54 - src.service.booking_service - INFO - Processing booking request for class 1
2025-06-10 18:49:54 - src.service.booking_service - INFO - Successfully created booking 42
2025-06-10 18:51:48 - root - INFO - Logging configuration setup completed
2025-06-10 18:51:48 - asyncio - DEBUG - Using selector: KqueueSelector
2025-06-10 18:51:48 - src.port.booking_port - INFO - Getting classes for timezone: Asia/Kolkata
2025-06-10 18:51:48 - src.service.booking_service - INFO - Retrieving upcoming classes for timezone: Asia/Kolkata
2025-06-10 18:51:48 - src.domain.repository - INFO - Retrieved 9 upcoming classes
2025-06-10 18:51:48 - src.service.booking_service - INFO - Successfully converted 9 classes
2025-06-10 18:51:48 - src.port.booking_port - INFO - Returning 9 classes
2025-06-10 18:51:48 - httpx - INFO - HTTP Request: GET http://testserver/api/v1/classes "HTTP/1.1 200 OK"
2025-06-10 18:51:48 - src.service.booking_service - INFO - Processing booking request for class 1
2025-06-10 18:51:48 - src.service.booking_service - INFO - Successfully created booking 42
